{"/home/akhipsm/Documents/testing-app/src/App.tsx": {"path":"/home/akhipsm/Documents/testing-app/src/App.tsx","statementMap":{"0":{"start":{"line":22,"column":35},"end":{"line":22,"column":50}},"1":{"start":{"line":24,"column":23},"end":{"line":26,"column":3}},"2":{"start":{"line":25,"column":4},"end":{"line":25,"column":29}},"3":{"start":{"line":27,"column":2},"end":{"line":74,"column":4}},"4":{"start":{"line":79,"column":2},"end":{"line":79,"column":47}}},"fnMap":{"0":{"name":"App","decl":{"start":{"line":20,"column":9},"end":{"line":20,"column":12}},"loc":{"start":{"line":20,"column":15},"end":{"line":75,"column":1}},"line":20},"1":{"name":"(anonymous_1)","decl":{"start":{"line":24,"column":23},"end":{"line":24,"column":24}},"loc":{"start":{"line":24,"column":29},"end":{"line":26,"column":3}},"line":24},"2":{"name":"createBrowserHistory","decl":{"start":{"line":78,"column":9},"end":{"line":78,"column":29}},"loc":{"start":{"line":78,"column":32},"end":{"line":80,"column":1}},"line":78}},"branchMap":{"0":{"loc":{"start":{"line":36,"column":37},"end":{"line":36,"column":61}},"type":"cond-expr","locations":[{"start":{"line":36,"column":47},"end":{"line":36,"column":54}},{"start":{"line":36,"column":55},"end":{"line":36,"column":61}}],"line":36},"1":{"loc":{"start":{"line":52,"column":51},"end":{"line":52,"column":75}},"type":"cond-expr","locations":[{"start":{"line":52,"column":61},"end":{"line":52,"column":68}},{"start":{"line":52,"column":69},"end":{"line":52,"column":75}}],"line":52},"2":{"loc":{"start":{"line":63,"column":33},"end":{"line":63,"column":57}},"type":"cond-expr","locations":[{"start":{"line":63,"column":43},"end":{"line":63,"column":50}},{"start":{"line":63,"column":51},"end":{"line":63,"column":57}}],"line":63}},"s":{"0":2,"1":1,"2":0,"3":1,"4":0},"f":{"0":2,"1":0,"2":0},"b":{"0":[0,1],"1":[0,1],"2":[0,1]},"_coverageSchema":"1a1c01bbd47fc00a2c39e90264f33305004495a9","hash":"6cbb2cb94f491f4511cf8475ef2eebe9f95e27db"}
,"/home/akhipsm/Documents/testing-app/src/components/atoms/Avatar/index.tsx": {"path":"/home/akhipsm/Documents/testing-app/src/components/atoms/Avatar/index.tsx","statementMap":{"0":{"start":{"line":5,"column":14},"end":{"line":9,"column":1}},"1":{"start":{"line":6,"column":4},"end":{"line":8,"column":5}}},"fnMap":{"0":{"name":"(anonymous_0)","decl":{"start":{"line":5,"column":14},"end":{"line":5,"column":15}},"loc":{"start":{"line":5,"column":29},"end":{"line":9,"column":1}},"line":5}},"branchMap":{},"s":{"0":1,"1":0},"f":{"0":0},"b":{},"_coverageSchema":"1a1c01bbd47fc00a2c39e90264f33305004495a9","hash":"99d899c6dac52438a4a1eaaf352f7c45bf079f54"}
,"/home/akhipsm/Documents/testing-app/src/components/atoms/FocusUnderLine/index.stories.tsx": {"path":"/home/akhipsm/Documents/testing-app/src/components/atoms/FocusUnderLine/index.stories.tsx","statementMap":{"0":{"start":{"line":8,"column":32},"end":{"line":8,"column":134}},"1":{"start":{"line":8,"column":38},"end":{"line":8,"column":134}},"2":{"start":{"line":9,"column":30},"end":{"line":9,"column":132}},"3":{"start":{"line":9,"column":36},"end":{"line":9,"column":132}}},"fnMap":{"0":{"name":"(anonymous_0)","decl":{"start":{"line":8,"column":32},"end":{"line":8,"column":33}},"loc":{"start":{"line":8,"column":38},"end":{"line":8,"column":134}},"line":8},"1":{"name":"(anonymous_1)","decl":{"start":{"line":9,"column":30},"end":{"line":9,"column":31}},"loc":{"start":{"line":9,"column":36},"end":{"line":9,"column":132}},"line":9}},"branchMap":{},"s":{"0":1,"1":0,"2":1,"3":0},"f":{"0":0,"1":0},"b":{},"_coverageSchema":"1a1c01bbd47fc00a2c39e90264f33305004495a9","hash":"9cd5d93320ae317fb072045e1d7d1e632aa7dbef"}
,"/home/akhipsm/Documents/testing-app/src/components/atoms/FocusUnderLine/index.tsx": {"path":"/home/akhipsm/Documents/testing-app/src/components/atoms/FocusUnderLine/index.tsx","statementMap":{"0":{"start":{"line":3,"column":14},"end":{"line":7,"column":1}},"1":{"start":{"line":4,"column":4},"end":{"line":6,"column":5}}},"fnMap":{"0":{"name":"(anonymous_0)","decl":{"start":{"line":3,"column":14},"end":{"line":3,"column":15}},"loc":{"start":{"line":3,"column":46},"end":{"line":7,"column":1}},"line":3}},"branchMap":{},"s":{"0":1,"1":0},"f":{"0":0},"b":{},"_coverageSchema":"1a1c01bbd47fc00a2c39e90264f33305004495a9","hash":"fa798da60fc0b2b75e39791c148d739ea45823b5"}
,"/home/akhipsm/Documents/testing-app/src/components/atoms/IconButton/index.stories.tsx": {"path":"/home/akhipsm/Documents/testing-app/src/components/atoms/IconButton/index.stories.tsx","statementMap":{"0":{"start":{"line":10,"column":33},"end":{"line":10,"column":117}},"1":{"start":{"line":10,"column":39},"end":{"line":10,"column":117}}},"fnMap":{"0":{"name":"(anonymous_0)","decl":{"start":{"line":10,"column":33},"end":{"line":10,"column":34}},"loc":{"start":{"line":10,"column":39},"end":{"line":10,"column":117}},"line":10}},"branchMap":{},"s":{"0":1,"1":0},"f":{"0":0},"b":{},"_coverageSchema":"1a1c01bbd47fc00a2c39e90264f33305004495a9","hash":"f39387dee78334636ba0f0d378b7a46832639773"}
,"/home/akhipsm/Documents/testing-app/src/components/atoms/IconButton/index.tsx": {"path":"/home/akhipsm/Documents/testing-app/src/components/atoms/IconButton/index.tsx","statementMap":{"0":{"start":{"line":3,"column":14},"end":{"line":9,"column":1}},"1":{"start":{"line":4,"column":4},"end":{"line":8,"column":5}}},"fnMap":{"0":{"name":"(anonymous_0)","decl":{"start":{"line":3,"column":14},"end":{"line":3,"column":15}},"loc":{"start":{"line":3,"column":71},"end":{"line":9,"column":1}},"line":3}},"branchMap":{},"s":{"0":1,"1":0},"f":{"0":0},"b":{},"_coverageSchema":"1a1c01bbd47fc00a2c39e90264f33305004495a9","hash":"e17cacc43b0ee24250bc9d6b918b8c54adfeeff9"}
,"/home/akhipsm/Documents/testing-app/src/components/atoms/LogoButton/index.stories.tsx": {"path":"/home/akhipsm/Documents/testing-app/src/components/atoms/LogoButton/index.stories.tsx","statementMap":{"0":{"start":{"line":10,"column":33},"end":{"line":10,"column":85}},"1":{"start":{"line":10,"column":39},"end":{"line":10,"column":85}}},"fnMap":{"0":{"name":"(anonymous_0)","decl":{"start":{"line":10,"column":33},"end":{"line":10,"column":34}},"loc":{"start":{"line":10,"column":39},"end":{"line":10,"column":85}},"line":10}},"branchMap":{},"s":{"0":1,"1":0},"f":{"0":0},"b":{},"_coverageSchema":"1a1c01bbd47fc00a2c39e90264f33305004495a9","hash":"a9f780bdc03cb4da59af4da5149ca29ea40838b5"}
,"/home/akhipsm/Documents/testing-app/src/components/atoms/LogoButton/index.tsx": {"path":"/home/akhipsm/Documents/testing-app/src/components/atoms/LogoButton/index.tsx","statementMap":{"0":{"start":{"line":3,"column":14},"end":{"line":16,"column":1}},"1":{"start":{"line":4,"column":23},"end":{"line":9,"column":6}},"2":{"start":{"line":10,"column":20},"end":{"line":10,"column":32}},"3":{"start":{"line":11,"column":4},"end":{"line":15,"column":5}}},"fnMap":{"0":{"name":"(anonymous_0)","decl":{"start":{"line":3,"column":14},"end":{"line":3,"column":15}},"loc":{"start":{"line":3,"column":29},"end":{"line":16,"column":1}},"line":3}},"branchMap":{},"s":{"0":1,"1":0,"2":0,"3":0},"f":{"0":0},"b":{},"_coverageSchema":"1a1c01bbd47fc00a2c39e90264f33305004495a9","hash":"0aa2cf457aab3e31f2d18c2a8c47b3e065be3f8a"}
,"/home/akhipsm/Documents/testing-app/src/components/atoms/Typography/index.stories.tsx": {"path":"/home/akhipsm/Documents/testing-app/src/components/atoms/Typography/index.stories.tsx","statementMap":{"0":{"start":{"line":8,"column":25},"end":{"line":8,"column":126}},"1":{"start":{"line":8,"column":31},"end":{"line":8,"column":126}},"2":{"start":{"line":9,"column":24},"end":{"line":9,"column":144}},"3":{"start":{"line":9,"column":30},"end":{"line":9,"column":144}},"4":{"start":{"line":10,"column":21},"end":{"line":10,"column":151}},"5":{"start":{"line":10,"column":27},"end":{"line":10,"column":151}}},"fnMap":{"0":{"name":"(anonymous_0)","decl":{"start":{"line":8,"column":25},"end":{"line":8,"column":26}},"loc":{"start":{"line":8,"column":31},"end":{"line":8,"column":126}},"line":8},"1":{"name":"(anonymous_1)","decl":{"start":{"line":9,"column":24},"end":{"line":9,"column":25}},"loc":{"start":{"line":9,"column":30},"end":{"line":9,"column":144}},"line":9},"2":{"name":"(anonymous_2)","decl":{"start":{"line":10,"column":21},"end":{"line":10,"column":22}},"loc":{"start":{"line":10,"column":27},"end":{"line":10,"column":151}},"line":10}},"branchMap":{},"s":{"0":1,"1":0,"2":1,"3":0,"4":1,"5":0},"f":{"0":0,"1":0,"2":0},"b":{},"_coverageSchema":"1a1c01bbd47fc00a2c39e90264f33305004495a9","hash":"699d3cef35343ef77797693f320bbd004da8c218"}
,"/home/akhipsm/Documents/testing-app/src/components/atoms/Typography/index.tsx": {"path":"/home/akhipsm/Documents/testing-app/src/components/atoms/Typography/index.tsx","statementMap":{"0":{"start":{"line":4,"column":11},"end":{"line":11,"column":1}},"1":{"start":{"line":6,"column":4},"end":{"line":10,"column":5}}},"fnMap":{"0":{"name":"(anonymous_0)","decl":{"start":{"line":4,"column":11},"end":{"line":4,"column":12}},"loc":{"start":{"line":4,"column":56},"end":{"line":11,"column":1}},"line":4}},"branchMap":{},"s":{"0":1,"1":0},"f":{"0":0},"b":{},"_coverageSchema":"1a1c01bbd47fc00a2c39e90264f33305004495a9","hash":"b1ec9abf9d1c15c455dda9c9fb93288a9be2fbd2"}
,"/home/akhipsm/Documents/testing-app/src/components/molecules/AvatarWithIcon/index.stories.tsx": {"path":"/home/akhipsm/Documents/testing-app/src/components/molecules/AvatarWithIcon/index.stories.tsx","statementMap":{"0":{"start":{"line":10,"column":36},"end":{"line":10,"column":201}},"1":{"start":{"line":10,"column":42},"end":{"line":10,"column":201}}},"fnMap":{"0":{"name":"(anonymous_0)","decl":{"start":{"line":10,"column":36},"end":{"line":10,"column":37}},"loc":{"start":{"line":10,"column":42},"end":{"line":10,"column":201}},"line":10}},"branchMap":{},"s":{"0":1,"1":0},"f":{"0":0},"b":{},"_coverageSchema":"1a1c01bbd47fc00a2c39e90264f33305004495a9","hash":"6ab525809e53f2b044d8919f5c7328e892b3b5f9"}
,"/home/akhipsm/Documents/testing-app/src/components/molecules/AvatarWithIcon/index.tsx": {"path":"/home/akhipsm/Documents/testing-app/src/components/molecules/AvatarWithIcon/index.tsx","statementMap":{"0":{"start":{"line":7,"column":14},"end":{"line":16,"column":1}},"1":{"start":{"line":8,"column":4},"end":{"line":15,"column":5}}},"fnMap":{"0":{"name":"(anonymous_0)","decl":{"start":{"line":7,"column":14},"end":{"line":7,"column":15}},"loc":{"start":{"line":7,"column":88},"end":{"line":16,"column":1}},"line":7}},"branchMap":{},"s":{"0":1,"1":0},"f":{"0":0},"b":{},"_coverageSchema":"1a1c01bbd47fc00a2c39e90264f33305004495a9","hash":"098ceedcab0148668ee69a10ed5fa25a4a57d7f8"}
,"/home/akhipsm/Documents/testing-app/src/components/molecules/BookCard/index.tsx": {"path":"/home/akhipsm/Documents/testing-app/src/components/molecules/BookCard/index.tsx","statementMap":{"0":{"start":{"line":12,"column":23},"end":{"line":47,"column":2}},"1":{"start":{"line":49,"column":14},"end":{"line":75,"column":1}},"2":{"start":{"line":51,"column":19},"end":{"line":51,"column":35}},"3":{"start":{"line":52,"column":4},"end":{"line":74,"column":5}}},"fnMap":{"0":{"name":"(anonymous_0)","decl":{"start":{"line":49,"column":14},"end":{"line":49,"column":15}},"loc":{"start":{"line":49,"column":29},"end":{"line":75,"column":1}},"line":49}},"branchMap":{},"s":{"0":1,"1":1,"2":0,"3":0},"f":{"0":0},"b":{},"_coverageSchema":"1a1c01bbd47fc00a2c39e90264f33305004495a9","hash":"8aa3c677962d8c5df2b47d970cbfba51850f61ca"}
,"/home/akhipsm/Documents/testing-app/src/components/molecules/BookDetails/index.tsx": {"path":"/home/akhipsm/Documents/testing-app/src/components/molecules/BookDetails/index.tsx","statementMap":{"0":{"start":{"line":25,"column":14},"end":{"line":177,"column":1}},"1":{"start":{"line":27,"column":30},"end":{"line":27,"column":49}},"2":{"start":{"line":29,"column":25},"end":{"line":31,"column":5}},"3":{"start":{"line":30,"column":6},"end":{"line":30,"column":25}},"4":{"start":{"line":33,"column":27},"end":{"line":33,"column":46}},"5":{"start":{"line":35,"column":25},"end":{"line":37,"column":5}},"6":{"start":{"line":36,"column":8},"end":{"line":36,"column":26}},"7":{"start":{"line":40,"column":25},"end":{"line":46,"column":5}},"8":{"start":{"line":41,"column":27},"end":{"line":41,"column":84}},"9":{"start":{"line":41,"column":61},"end":{"line":41,"column":83}},"10":{"start":{"line":42,"column":28},"end":{"line":42,"column":94}},"11":{"start":{"line":42,"column":69},"end":{"line":42,"column":93}},"12":{"start":{"line":43,"column":8},"end":{"line":43,"column":58}},"13":{"start":{"line":44,"column":8},"end":{"line":44,"column":337}},"14":{"start":{"line":48,"column":4},"end":{"line":48,"column":90}},"15":{"start":{"line":49,"column":4},"end":{"line":176,"column":5}},"16":{"start":{"line":79,"column":105},"end":{"line":79,"column":133}},"17":{"start":{"line":106,"column":49},"end":{"line":106,"column":66}},"18":{"start":{"line":112,"column":49},"end":{"line":112,"column":66}},"19":{"start":{"line":118,"column":45},"end":{"line":118,"column":62}}},"fnMap":{"0":{"name":"(anonymous_0)","decl":{"start":{"line":25,"column":14},"end":{"line":25,"column":15}},"loc":{"start":{"line":25,"column":94},"end":{"line":177,"column":1}},"line":25},"1":{"name":"(anonymous_1)","decl":{"start":{"line":29,"column":25},"end":{"line":29,"column":26}},"loc":{"start":{"line":29,"column":81},"end":{"line":31,"column":5}},"line":29},"2":{"name":"(anonymous_2)","decl":{"start":{"line":35,"column":25},"end":{"line":35,"column":26}},"loc":{"start":{"line":35,"column":47},"end":{"line":37,"column":5}},"line":35},"3":{"name":"(anonymous_3)","decl":{"start":{"line":40,"column":25},"end":{"line":40,"column":26}},"loc":{"start":{"line":40,"column":47},"end":{"line":46,"column":5}},"line":40},"4":{"name":"(anonymous_4)","decl":{"start":{"line":41,"column":58},"end":{"line":41,"column":59}},"loc":{"start":{"line":41,"column":61},"end":{"line":41,"column":83}},"line":41},"5":{"name":"(anonymous_5)","decl":{"start":{"line":42,"column":64},"end":{"line":42,"column":65}},"loc":{"start":{"line":42,"column":69},"end":{"line":42,"column":93}},"line":42},"6":{"name":"(anonymous_6)","decl":{"start":{"line":79,"column":101},"end":{"line":79,"column":102}},"loc":{"start":{"line":79,"column":105},"end":{"line":79,"column":133}},"line":79},"7":{"name":"(anonymous_7)","decl":{"start":{"line":106,"column":45},"end":{"line":106,"column":46}},"loc":{"start":{"line":106,"column":49},"end":{"line":106,"column":66}},"line":106},"8":{"name":"(anonymous_8)","decl":{"start":{"line":112,"column":45},"end":{"line":112,"column":46}},"loc":{"start":{"line":112,"column":49},"end":{"line":112,"column":66}},"line":112},"9":{"name":"(anonymous_9)","decl":{"start":{"line":118,"column":41},"end":{"line":118,"column":42}},"loc":{"start":{"line":118,"column":45},"end":{"line":118,"column":62}},"line":118}},"branchMap":{"0":{"loc":{"start":{"line":44,"column":44},"end":{"line":44,"column":82}},"type":"cond-expr","locations":[{"start":{"line":44,"column":57},"end":{"line":44,"column":79}},{"start":{"line":44,"column":80},"end":{"line":44,"column":82}}],"line":44},"1":{"loc":{"start":{"line":44,"column":95},"end":{"line":44,"column":133}},"type":"cond-expr","locations":[{"start":{"line":44,"column":108},"end":{"line":44,"column":130}},{"start":{"line":44,"column":131},"end":{"line":44,"column":133}}],"line":44},"2":{"loc":{"start":{"line":44,"column":147},"end":{"line":44,"column":186}},"type":"cond-expr","locations":[{"start":{"line":44,"column":160},"end":{"line":44,"column":183}},{"start":{"line":44,"column":184},"end":{"line":44,"column":186}}],"line":44},"3":{"loc":{"start":{"line":44,"column":201},"end":{"line":44,"column":241}},"type":"cond-expr","locations":[{"start":{"line":44,"column":214},"end":{"line":44,"column":238}},{"start":{"line":44,"column":239},"end":{"line":44,"column":241}}],"line":44},"4":{"loc":{"start":{"line":44,"column":250},"end":{"line":44,"column":284}},"type":"cond-expr","locations":[{"start":{"line":44,"column":263},"end":{"line":44,"column":281}},{"start":{"line":44,"column":282},"end":{"line":44,"column":284}}],"line":44},"5":{"loc":{"start":{"line":44,"column":296},"end":{"line":44,"column":333}},"type":"cond-expr","locations":[{"start":{"line":44,"column":309},"end":{"line":44,"column":330}},{"start":{"line":44,"column":331},"end":{"line":44,"column":333}}],"line":44},"6":{"loc":{"start":{"line":109,"column":25},"end":{"line":109,"column":72}},"type":"cond-expr","locations":[{"start":{"line":109,"column":35},"end":{"line":109,"column":52}},{"start":{"line":109,"column":53},"end":{"line":109,"column":72}}],"line":109},"7":{"loc":{"start":{"line":115,"column":25},"end":{"line":115,"column":72}},"type":"cond-expr","locations":[{"start":{"line":115,"column":35},"end":{"line":115,"column":52}},{"start":{"line":115,"column":53},"end":{"line":115,"column":72}}],"line":115},"8":{"loc":{"start":{"line":121,"column":25},"end":{"line":121,"column":72}},"type":"cond-expr","locations":[{"start":{"line":121,"column":35},"end":{"line":121,"column":52}},{"start":{"line":121,"column":53},"end":{"line":121,"column":72}}],"line":121},"9":{"loc":{"start":{"line":124,"column":43},"end":{"line":124,"column":67}},"type":"cond-expr","locations":[{"start":{"line":124,"column":53},"end":{"line":124,"column":60}},{"start":{"line":124,"column":61},"end":{"line":124,"column":67}}],"line":124},"10":{"loc":{"start":{"line":127,"column":43},"end":{"line":127,"column":67}},"type":"cond-expr","locations":[{"start":{"line":127,"column":53},"end":{"line":127,"column":60}},{"start":{"line":127,"column":61},"end":{"line":127,"column":67}}],"line":127},"11":{"loc":{"start":{"line":130,"column":43},"end":{"line":130,"column":67}},"type":"cond-expr","locations":[{"start":{"line":130,"column":53},"end":{"line":130,"column":60}},{"start":{"line":130,"column":61},"end":{"line":130,"column":67}}],"line":130}},"s":{"0":1,"1":0,"2":0,"3":0,"4":0,"5":0,"6":0,"7":0,"8":0,"9":0,"10":0,"11":0,"12":0,"13":0,"14":0,"15":0,"16":0,"17":0,"18":0,"19":0},"f":{"0":0,"1":0,"2":0,"3":0,"4":0,"5":0,"6":0,"7":0,"8":0,"9":0},"b":{"0":[0,0],"1":[0,0],"2":[0,0],"3":[0,0],"4":[0,0],"5":[0,0],"6":[0,0],"7":[0,0],"8":[0,0],"9":[0,0],"10":[0,0],"11":[0,0]},"_coverageSchema":"1a1c01bbd47fc00a2c39e90264f33305004495a9","hash":"904584437efaf89b38d9a83d0cac97f96f4ec7b6"}
,"/home/akhipsm/Documents/testing-app/src/components/molecules/ExplorePoster/index.stories.tsx": {"path":"/home/akhipsm/Documents/testing-app/src/components/molecules/ExplorePoster/index.stories.tsx","statementMap":{"0":{"start":{"line":8,"column":36},"end":{"line":8,"column":73}},"1":{"start":{"line":8,"column":42},"end":{"line":8,"column":73}}},"fnMap":{"0":{"name":"(anonymous_0)","decl":{"start":{"line":8,"column":36},"end":{"line":8,"column":37}},"loc":{"start":{"line":8,"column":42},"end":{"line":8,"column":73}},"line":8}},"branchMap":{},"s":{"0":1,"1":0},"f":{"0":0},"b":{},"_coverageSchema":"1a1c01bbd47fc00a2c39e90264f33305004495a9","hash":"441dab93577a28c217a964ac2b69249fde9f8e3b"}
,"/home/akhipsm/Documents/testing-app/src/components/molecules/ExplorePoster/index.tsx": {"path":"/home/akhipsm/Documents/testing-app/src/components/molecules/ExplorePoster/index.tsx","statementMap":{"0":{"start":{"line":5,"column":14},"end":{"line":23,"column":1}},"1":{"start":{"line":6,"column":4},"end":{"line":22,"column":5}}},"fnMap":{"0":{"name":"(anonymous_0)","decl":{"start":{"line":5,"column":14},"end":{"line":5,"column":15}},"loc":{"start":{"line":5,"column":20},"end":{"line":23,"column":1}},"line":5}},"branchMap":{},"s":{"0":1,"1":0},"f":{"0":0},"b":{},"_coverageSchema":"1a1c01bbd47fc00a2c39e90264f33305004495a9","hash":"75fd012cf8fa3031dfe9ca879c7b7948f2f9578d"}
,"/home/akhipsm/Documents/testing-app/src/components/molecules/IconWithText/index.stories.tsx": {"path":"/home/akhipsm/Documents/testing-app/src/components/molecules/IconWithText/index.stories.tsx","statementMap":{"0":{"start":{"line":11,"column":35},"end":{"line":11,"column":224}},"1":{"start":{"line":11,"column":41},"end":{"line":11,"column":224}}},"fnMap":{"0":{"name":"(anonymous_0)","decl":{"start":{"line":11,"column":35},"end":{"line":11,"column":36}},"loc":{"start":{"line":11,"column":41},"end":{"line":11,"column":224}},"line":11}},"branchMap":{},"s":{"0":1,"1":0},"f":{"0":0},"b":{},"_coverageSchema":"1a1c01bbd47fc00a2c39e90264f33305004495a9","hash":"09e6091a4da04d101a849fae4bef8dc07195577c"}
,"/home/akhipsm/Documents/testing-app/src/components/molecules/IconWithText/index.tsx": {"path":"/home/akhipsm/Documents/testing-app/src/components/molecules/IconWithText/index.tsx","statementMap":{"0":{"start":{"line":4,"column":14},"end":{"line":13,"column":1}},"1":{"start":{"line":5,"column":4},"end":{"line":12,"column":5}}},"fnMap":{"0":{"name":"(anonymous_0)","decl":{"start":{"line":4,"column":14},"end":{"line":4,"column":15}},"loc":{"start":{"line":4,"column":116},"end":{"line":13,"column":1}},"line":4}},"branchMap":{"0":{"loc":{"start":{"line":4,"column":21},"end":{"line":4,"column":40}},"type":"default-arg","locations":[{"start":{"line":4,"column":31},"end":{"line":4,"column":40}}],"line":4},"1":{"loc":{"start":{"line":4,"column":41},"end":{"line":4,"column":61}},"type":"default-arg","locations":[{"start":{"line":4,"column":52},"end":{"line":4,"column":61}}],"line":4},"2":{"loc":{"start":{"line":4,"column":62},"end":{"line":4,"column":74}},"type":"default-arg","locations":[{"start":{"line":4,"column":67},"end":{"line":4,"column":74}}],"line":4},"3":{"loc":{"start":{"line":4,"column":84},"end":{"line":4,"column":98}},"type":"default-arg","locations":[{"start":{"line":4,"column":96},"end":{"line":4,"column":98}}],"line":4}},"s":{"0":1,"1":0},"f":{"0":0},"b":{"0":[0],"1":[0],"2":[0],"3":[0]},"_coverageSchema":"1a1c01bbd47fc00a2c39e90264f33305004495a9","hash":"1c22cd85029284548104b34e7146f33b76094ef5"}
,"/home/akhipsm/Documents/testing-app/src/components/molecules/ReadingStatus/index.tsx": {"path":"/home/akhipsm/Documents/testing-app/src/components/molecules/ReadingStatus/index.tsx","statementMap":{"0":{"start":{"line":7,"column":14},"end":{"line":29,"column":1}},"1":{"start":{"line":8,"column":4},"end":{"line":28,"column":5}}},"fnMap":{"0":{"name":"(anonymous_0)","decl":{"start":{"line":7,"column":14},"end":{"line":7,"column":15}},"loc":{"start":{"line":7,"column":64},"end":{"line":29,"column":1}},"line":7}},"branchMap":{"0":{"loc":{"start":{"line":7,"column":16},"end":{"line":7,"column":34}},"type":"default-arg","locations":[{"start":{"line":7,"column":28},"end":{"line":7,"column":34}}],"line":7},"1":{"loc":{"start":{"line":7,"column":35},"end":{"line":7,"column":54}},"type":"default-arg","locations":[{"start":{"line":7,"column":47},"end":{"line":7,"column":54}}],"line":7},"2":{"loc":{"start":{"line":13,"column":133},"end":{"line":13,"column":172}},"type":"cond-expr","locations":[{"start":{"line":13,"column":153},"end":{"line":13,"column":162}},{"start":{"line":13,"column":163},"end":{"line":13,"column":172}}],"line":13},"3":{"loc":{"start":{"line":14,"column":39},"end":{"line":14,"column":98}},"type":"cond-expr","locations":[{"start":{"line":14,"column":59},"end":{"line":14,"column":78}},{"start":{"line":14,"column":79},"end":{"line":14,"column":98}}],"line":14},"4":{"loc":{"start":{"line":19,"column":136},"end":{"line":19,"column":176}},"type":"cond-expr","locations":[{"start":{"line":19,"column":157},"end":{"line":19,"column":166}},{"start":{"line":19,"column":167},"end":{"line":19,"column":176}}],"line":19},"5":{"loc":{"start":{"line":20,"column":39},"end":{"line":20,"column":99}},"type":"cond-expr","locations":[{"start":{"line":20,"column":60},"end":{"line":20,"column":79}},{"start":{"line":20,"column":80},"end":{"line":20,"column":99}}],"line":20}},"s":{"0":1,"1":0},"f":{"0":0},"b":{"0":[0],"1":[0],"2":[0,0],"3":[0,0],"4":[0,0],"5":[0,0]},"_coverageSchema":"1a1c01bbd47fc00a2c39e90264f33305004495a9","hash":"b122b3731a0e16a2d35b9650244f0167b266782b"}
,"/home/akhipsm/Documents/testing-app/src/components/organisms/AddToLibraryCards/index.tsx": {"path":"/home/akhipsm/Documents/testing-app/src/components/organisms/AddToLibraryCards/index.tsx","statementMap":{"0":{"start":{"line":11,"column":23},"end":{"line":42,"column":2}},"1":{"start":{"line":44,"column":14},"end":{"line":84,"column":1}},"2":{"start":{"line":45,"column":4},"end":{"line":45,"column":51}},"3":{"start":{"line":46,"column":27},"end":{"line":46,"column":41}},"4":{"start":{"line":48,"column":12},"end":{"line":48,"column":27}},"5":{"start":{"line":52,"column":12},"end":{"line":52,"column":26}},"6":{"start":{"line":54,"column":19},"end":{"line":54,"column":35}},"7":{"start":{"line":55,"column":4},"end":{"line":83,"column":5}}},"fnMap":{"0":{"name":"(anonymous_0)","decl":{"start":{"line":44,"column":14},"end":{"line":44,"column":15}},"loc":{"start":{"line":44,"column":29},"end":{"line":84,"column":1}},"line":44},"1":{"name":"changeBackground","decl":{"start":{"line":47,"column":13},"end":{"line":47,"column":29}},"loc":{"start":{"line":47,"column":37},"end":{"line":49,"column":7}},"line":47},"2":{"name":"changeBackgroundBack","decl":{"start":{"line":51,"column":15},"end":{"line":51,"column":35}},"loc":{"start":{"line":51,"column":43},"end":{"line":53,"column":7}},"line":51}},"branchMap":{},"s":{"0":1,"1":1,"2":0,"3":0,"4":0,"5":0,"6":0,"7":0},"f":{"0":0,"1":0,"2":0},"b":{},"_coverageSchema":"1a1c01bbd47fc00a2c39e90264f33305004495a9","hash":"936bc160985b610a0421a0dec32667dd362298fc"}
,"/home/akhipsm/Documents/testing-app/src/components/organisms/ExploreButton/index.tsx": {"path":"/home/akhipsm/Documents/testing-app/src/components/organisms/ExploreButton/index.tsx","statementMap":{"0":{"start":{"line":11,"column":14},"end":{"line":31,"column":1}},"1":{"start":{"line":12,"column":31},"end":{"line":12,"column":45}},"2":{"start":{"line":13,"column":23},"end":{"line":15,"column":5}},"3":{"start":{"line":14,"column":8},"end":{"line":14,"column":27}},"4":{"start":{"line":16,"column":34},"end":{"line":19,"column":5}},"5":{"start":{"line":17,"column":8},"end":{"line":17,"column":21}},"6":{"start":{"line":18,"column":8},"end":{"line":18,"column":29}},"7":{"start":{"line":20,"column":4},"end":{"line":30,"column":5}}},"fnMap":{"0":{"name":"(anonymous_0)","decl":{"start":{"line":11,"column":14},"end":{"line":11,"column":15}},"loc":{"start":{"line":11,"column":29},"end":{"line":31,"column":1}},"line":11},"1":{"name":"(anonymous_1)","decl":{"start":{"line":13,"column":23},"end":{"line":13,"column":24}},"loc":{"start":{"line":13,"column":29},"end":{"line":15,"column":5}},"line":13},"2":{"name":"(anonymous_2)","decl":{"start":{"line":16,"column":34},"end":{"line":16,"column":35}},"loc":{"start":{"line":16,"column":40},"end":{"line":19,"column":5}},"line":16}},"branchMap":{"0":{"loc":{"start":{"line":24,"column":34},"end":{"line":24,"column":64}},"type":"cond-expr","locations":[{"start":{"line":24,"column":41},"end":{"line":24,"column":53}},{"start":{"line":24,"column":54},"end":{"line":24,"column":64}}],"line":24},"1":{"loc":{"start":{"line":26,"column":33},"end":{"line":26,"column":54}},"type":"cond-expr","locations":[{"start":{"line":26,"column":40},"end":{"line":26,"column":46}},{"start":{"line":26,"column":47},"end":{"line":26,"column":54}}],"line":26}},"s":{"0":1,"1":0,"2":0,"3":0,"4":0,"5":0,"6":0,"7":0},"f":{"0":0,"1":0,"2":0},"b":{"0":[0,0],"1":[0,0]},"_coverageSchema":"1a1c01bbd47fc00a2c39e90264f33305004495a9","hash":"27e3ed4f7630a4e35d38ea632c254e6eeff9fe09"}
,"/home/akhipsm/Documents/testing-app/src/components/organisms/ExploreMenu/index.stories.tsx": {"path":"/home/akhipsm/Documents/testing-app/src/components/organisms/ExploreMenu/index.stories.tsx","statementMap":{"0":{"start":{"line":8,"column":34},"end":{"line":8,"column":81}},"1":{"start":{"line":8,"column":40},"end":{"line":8,"column":81}}},"fnMap":{"0":{"name":"(anonymous_0)","decl":{"start":{"line":8,"column":34},"end":{"line":8,"column":35}},"loc":{"start":{"line":8,"column":40},"end":{"line":8,"column":81}},"line":8}},"branchMap":{},"s":{"0":1,"1":2},"f":{"0":2},"b":{},"_coverageSchema":"1a1c01bbd47fc00a2c39e90264f33305004495a9","hash":"acdf119ddc2acbe3347d399566dd5ad1dc5a3887"}
,"/home/akhipsm/Documents/testing-app/src/components/organisms/ExploreMenu/index.tsx": {"path":"/home/akhipsm/Documents/testing-app/src/components/organisms/ExploreMenu/index.tsx","statementMap":{"0":{"start":{"line":26,"column":14},"end":{"line":262,"column":1}},"1":{"start":{"line":28,"column":32},"end":{"line":34,"column":9}},"2":{"start":{"line":35,"column":37},"end":{"line":41,"column":9}},"3":{"start":{"line":43,"column":33},"end":{"line":71,"column":10}},"4":{"start":{"line":73,"column":24},"end":{"line":73,"column":42}},"5":{"start":{"line":77,"column":4},"end":{"line":261,"column":5}}},"fnMap":{"0":{"name":"(anonymous_0)","decl":{"start":{"line":26,"column":14},"end":{"line":26,"column":15}},"loc":{"start":{"line":26,"column":37},"end":{"line":262,"column":1}},"line":26}},"branchMap":{"0":{"loc":{"start":{"line":26,"column":16},"end":{"line":26,"column":27}},"type":"default-arg","locations":[{"start":{"line":26,"column":22},"end":{"line":26,"column":27}}],"line":26}},"s":{"0":1,"1":2,"2":2,"3":2,"4":2,"5":2},"f":{"0":2},"b":{"0":[0]},"_coverageSchema":"1a1c01bbd47fc00a2c39e90264f33305004495a9","hash":"df4672b213465719f65a682067fe86f8f8476e04"}
,"/home/akhipsm/Documents/testing-app/src/components/organisms/FinishedReadingCards/index.tsx": {"path":"/home/akhipsm/Documents/testing-app/src/components/organisms/FinishedReadingCards/index.tsx","statementMap":{"0":{"start":{"line":11,"column":23},"end":{"line":48,"column":2}},"1":{"start":{"line":50,"column":14},"end":{"line":93,"column":1}},"2":{"start":{"line":52,"column":27},"end":{"line":52,"column":41}},"3":{"start":{"line":54,"column":12},"end":{"line":54,"column":27}},"4":{"start":{"line":58,"column":12},"end":{"line":58,"column":26}},"5":{"start":{"line":60,"column":19},"end":{"line":60,"column":35}},"6":{"start":{"line":61,"column":4},"end":{"line":64,"column":5}},"7":{"start":{"line":63,"column":8},"end":{"line":63,"column":28}},"8":{"start":{"line":65,"column":4},"end":{"line":92,"column":5}}},"fnMap":{"0":{"name":"(anonymous_0)","decl":{"start":{"line":50,"column":14},"end":{"line":50,"column":15}},"loc":{"start":{"line":50,"column":29},"end":{"line":93,"column":1}},"line":50},"1":{"name":"changeBackground","decl":{"start":{"line":53,"column":13},"end":{"line":53,"column":29}},"loc":{"start":{"line":53,"column":37},"end":{"line":55,"column":7}},"line":53},"2":{"name":"changeBackgroundBack","decl":{"start":{"line":57,"column":15},"end":{"line":57,"column":35}},"loc":{"start":{"line":57,"column":43},"end":{"line":59,"column":7}},"line":57}},"branchMap":{"0":{"loc":{"start":{"line":61,"column":4},"end":{"line":64,"column":5}},"type":"if","locations":[{"start":{"line":61,"column":4},"end":{"line":64,"column":5}},{"start":{},"end":{}}],"line":61}},"s":{"0":1,"1":1,"2":0,"3":0,"4":0,"5":0,"6":0,"7":0,"8":0},"f":{"0":0,"1":0,"2":0},"b":{"0":[0,0]},"_coverageSchema":"1a1c01bbd47fc00a2c39e90264f33305004495a9","hash":"d971c41a4e4dddcd07530d8da17fad59744ad0c2"}
,"/home/akhipsm/Documents/testing-app/src/components/organisms/Footer/index.stories.tsx": {"path":"/home/akhipsm/Documents/testing-app/src/components/organisms/Footer/index.stories.tsx","statementMap":{"0":{"start":{"line":8,"column":29},"end":{"line":8,"column":52}},"1":{"start":{"line":8,"column":35},"end":{"line":8,"column":52}}},"fnMap":{"0":{"name":"(anonymous_0)","decl":{"start":{"line":8,"column":29},"end":{"line":8,"column":30}},"loc":{"start":{"line":8,"column":35},"end":{"line":8,"column":52}},"line":8}},"branchMap":{},"s":{"0":1,"1":2},"f":{"0":2},"b":{},"_coverageSchema":"1a1c01bbd47fc00a2c39e90264f33305004495a9","hash":"d2618711f13892c84f13d29c1b97a8ca5cbd7433"}
,"/home/akhipsm/Documents/testing-app/src/components/organisms/Footer/index.tsx": {"path":"/home/akhipsm/Documents/testing-app/src/components/organisms/Footer/index.tsx","statementMap":{"0":{"start":{"line":5,"column":14},"end":{"line":229,"column":1}},"1":{"start":{"line":6,"column":25},"end":{"line":11,"column":6}},"2":{"start":{"line":12,"column":20},"end":{"line":12,"column":34}},"3":{"start":{"line":14,"column":30},"end":{"line":17,"column":5}},"4":{"start":{"line":18,"column":4},"end":{"line":228,"column":5}}},"fnMap":{"0":{"name":"(anonymous_0)","decl":{"start":{"line":5,"column":14},"end":{"line":5,"column":15}},"loc":{"start":{"line":5,"column":20},"end":{"line":229,"column":1}},"line":5}},"branchMap":{},"s":{"0":1,"1":3,"2":3,"3":2,"4":2},"f":{"0":3},"b":{},"_coverageSchema":"1a1c01bbd47fc00a2c39e90264f33305004495a9","hash":"dcec9cd4d2a7f1cdc3a30c2538f5ad9d43603315"}
,"/home/akhipsm/Documents/testing-app/src/components/organisms/Header/index.tsx": {"path":"/home/akhipsm/Documents/testing-app/src/components/organisms/Header/index.tsx","statementMap":{"0":{"start":{"line":11,"column":14},"end":{"line":53,"column":1}},"1":{"start":{"line":18,"column":25},"end":{"line":27,"column":6}},"2":{"start":{"line":29,"column":20},"end":{"line":29,"column":34}},"3":{"start":{"line":31,"column":4},"end":{"line":52,"column":5}}},"fnMap":{"0":{"name":"(anonymous_0)","decl":{"start":{"line":11,"column":14},"end":{"line":11,"column":15}},"loc":{"start":{"line":11,"column":29},"end":{"line":53,"column":1}},"line":11}},"branchMap":{},"s":{"0":1,"1":3,"2":3,"3":2},"f":{"0":3},"b":{},"_coverageSchema":"1a1c01bbd47fc00a2c39e90264f33305004495a9","hash":"1d98c965ed11ac56464059488f2ab608f25ca062"}
,"/home/akhipsm/Documents/testing-app/src/components/organisms/SearchBar/index.stories.tsx": {"path":"/home/akhipsm/Documents/testing-app/src/components/organisms/SearchBar/index.stories.tsx","statementMap":{"0":{"start":{"line":8,"column":32},"end":{"line":8,"column":61}},"1":{"start":{"line":8,"column":38},"end":{"line":8,"column":61}}},"fnMap":{"0":{"name":"(anonymous_0)","decl":{"start":{"line":8,"column":32},"end":{"line":8,"column":33}},"loc":{"start":{"line":8,"column":38},"end":{"line":8,"column":61}},"line":8}},"branchMap":{},"s":{"0":1,"1":0},"f":{"0":0},"b":{},"_coverageSchema":"1a1c01bbd47fc00a2c39e90264f33305004495a9","hash":"757a6d95aa39f50c1ac5fe63987c8a3ed916ac3e"}
,"/home/akhipsm/Documents/testing-app/src/components/organisms/SearchBar/index.tsx": {"path":"/home/akhipsm/Documents/testing-app/src/components/organisms/SearchBar/index.tsx","statementMap":{"0":{"start":{"line":10,"column":14},"end":{"line":26,"column":1}},"1":{"start":{"line":11,"column":4},"end":{"line":25,"column":5}}},"fnMap":{"0":{"name":"(anonymous_0)","decl":{"start":{"line":10,"column":14},"end":{"line":10,"column":15}},"loc":{"start":{"line":10,"column":20},"end":{"line":26,"column":1}},"line":10}},"branchMap":{},"s":{"0":1,"1":0},"f":{"0":0},"b":{},"_coverageSchema":"1a1c01bbd47fc00a2c39e90264f33305004495a9","hash":"a62129f648f3baeea00d7e03b0dc40f90c50c37e"}
,"/home/akhipsm/Documents/testing-app/src/components/templates/AddToLibraryBookCardsHolder/index.tsx": {"path":"/home/akhipsm/Documents/testing-app/src/components/templates/AddToLibraryBookCardsHolder/index.tsx","statementMap":{"0":{"start":{"line":8,"column":14},"end":{"line":82,"column":1}},"1":{"start":{"line":10,"column":4},"end":{"line":81,"column":5}},"2":{"start":{"line":40,"column":20},"end":{"line":42,"column":27}}},"fnMap":{"0":{"name":"(anonymous_0)","decl":{"start":{"line":8,"column":14},"end":{"line":8,"column":15}},"loc":{"start":{"line":8,"column":63},"end":{"line":82,"column":1}},"line":8},"1":{"name":"(anonymous_1)","decl":{"start":{"line":38,"column":31},"end":{"line":38,"column":32}},"loc":{"start":{"line":38,"column":125},"end":{"line":43,"column":21}},"line":38}},"branchMap":{"0":{"loc":{"start":{"line":8,"column":16},"end":{"line":8,"column":28}},"type":"default-arg","locations":[{"start":{"line":8,"column":26},"end":{"line":8,"column":28}}],"line":8},"1":{"loc":{"start":{"line":8,"column":29},"end":{"line":8,"column":44}},"type":"default-arg","locations":[{"start":{"line":8,"column":38},"end":{"line":8,"column":44}}],"line":8},"2":{"loc":{"start":{"line":30,"column":110},"end":{"line":30,"column":126}},"type":"binary-expr","locations":[{"start":{"line":30,"column":110},"end":{"line":30,"column":118}},{"start":{"line":30,"column":120},"end":{"line":30,"column":126}}],"line":30}},"s":{"0":1,"1":0,"2":0},"f":{"0":0,"1":0},"b":{"0":[0],"1":[0],"2":[0,0]},"_coverageSchema":"1a1c01bbd47fc00a2c39e90264f33305004495a9","hash":"d6800adafd31f498027d33fd785e95fe8e1a37b4"}
,"/home/akhipsm/Documents/testing-app/src/components/templates/BookCardsHolder/index.tsx": {"path":"/home/akhipsm/Documents/testing-app/src/components/templates/BookCardsHolder/index.tsx","statementMap":{"0":{"start":{"line":8,"column":14},"end":{"line":85,"column":1}},"1":{"start":{"line":10,"column":4},"end":{"line":84,"column":5}},"2":{"start":{"line":43,"column":20},"end":{"line":45,"column":27}}},"fnMap":{"0":{"name":"(anonymous_0)","decl":{"start":{"line":8,"column":14},"end":{"line":8,"column":15}},"loc":{"start":{"line":8,"column":98},"end":{"line":85,"column":1}},"line":8},"1":{"name":"(anonymous_1)","decl":{"start":{"line":41,"column":31},"end":{"line":41,"column":32}},"loc":{"start":{"line":41,"column":125},"end":{"line":46,"column":21}},"line":41}},"branchMap":{"0":{"loc":{"start":{"line":8,"column":16},"end":{"line":8,"column":28}},"type":"default-arg","locations":[{"start":{"line":8,"column":26},"end":{"line":8,"column":28}}],"line":8},"1":{"loc":{"start":{"line":8,"column":29},"end":{"line":8,"column":46}},"type":"default-arg","locations":[{"start":{"line":8,"column":44},"end":{"line":8,"column":46}}],"line":8},"2":{"loc":{"start":{"line":8,"column":47},"end":{"line":8,"column":63}},"type":"default-arg","locations":[{"start":{"line":8,"column":57},"end":{"line":8,"column":63}}],"line":8},"3":{"loc":{"start":{"line":8,"column":64},"end":{"line":8,"column":79}},"type":"default-arg","locations":[{"start":{"line":8,"column":73},"end":{"line":8,"column":79}}],"line":8},"4":{"loc":{"start":{"line":30,"column":158},"end":{"line":30,"column":174}},"type":"binary-expr","locations":[{"start":{"line":30,"column":158},"end":{"line":30,"column":166}},{"start":{"line":30,"column":168},"end":{"line":30,"column":174}}],"line":30},"5":{"loc":{"start":{"line":32,"column":74},"end":{"line":32,"column":108}},"type":"cond-expr","locations":[{"start":{"line":32,"column":94},"end":{"line":32,"column":101}},{"start":{"line":32,"column":102},"end":{"line":32,"column":108}}],"line":32}},"s":{"0":1,"1":0,"2":0},"f":{"0":0,"1":0},"b":{"0":[0],"1":[0],"2":[0],"3":[0],"4":[0,0],"5":[0,0]},"_coverageSchema":"1a1c01bbd47fc00a2c39e90264f33305004495a9","hash":"a259bb0b7070d99aa6c2341d40c40f03047d3983"}
,"/home/akhipsm/Documents/testing-app/src/components/templates/FinishedBookCardsHolder/index.tsx": {"path":"/home/akhipsm/Documents/testing-app/src/components/templates/FinishedBookCardsHolder/index.tsx","statementMap":{"0":{"start":{"line":8,"column":14},"end":{"line":84,"column":1}},"1":{"start":{"line":10,"column":4},"end":{"line":83,"column":5}},"2":{"start":{"line":42,"column":20},"end":{"line":44,"column":27}}},"fnMap":{"0":{"name":"(anonymous_0)","decl":{"start":{"line":8,"column":14},"end":{"line":8,"column":15}},"loc":{"start":{"line":8,"column":80},"end":{"line":84,"column":1}},"line":8},"1":{"name":"(anonymous_1)","decl":{"start":{"line":40,"column":31},"end":{"line":40,"column":32}},"loc":{"start":{"line":40,"column":125},"end":{"line":45,"column":21}},"line":40}},"branchMap":{"0":{"loc":{"start":{"line":8,"column":16},"end":{"line":8,"column":28}},"type":"default-arg","locations":[{"start":{"line":8,"column":26},"end":{"line":8,"column":28}}],"line":8},"1":{"loc":{"start":{"line":8,"column":29},"end":{"line":8,"column":45}},"type":"default-arg","locations":[{"start":{"line":8,"column":39},"end":{"line":8,"column":45}}],"line":8},"2":{"loc":{"start":{"line":8,"column":46},"end":{"line":8,"column":61}},"type":"default-arg","locations":[{"start":{"line":8,"column":55},"end":{"line":8,"column":61}}],"line":8},"3":{"loc":{"start":{"line":29,"column":158},"end":{"line":29,"column":174}},"type":"binary-expr","locations":[{"start":{"line":29,"column":158},"end":{"line":29,"column":166}},{"start":{"line":29,"column":168},"end":{"line":29,"column":174}}],"line":29},"4":{"loc":{"start":{"line":30,"column":74},"end":{"line":30,"column":108}},"type":"cond-expr","locations":[{"start":{"line":30,"column":94},"end":{"line":30,"column":101}},{"start":{"line":30,"column":102},"end":{"line":30,"column":108}}],"line":30}},"s":{"0":1,"1":0,"2":0},"f":{"0":0,"1":0},"b":{"0":[0],"1":[0],"2":[0],"3":[0,0],"4":[0,0]},"_coverageSchema":"1a1c01bbd47fc00a2c39e90264f33305004495a9","hash":"b7e102d4a232b5868cb23372d59d93c9332cc055"}
,"/home/akhipsm/Documents/testing-app/src/data/Data.tsx": {"path":"/home/akhipsm/Documents/testing-app/src/data/Data.tsx","statementMap":{"0":{"start":{"line":15,"column":143},"end":{"line":24,"column":1}},"1":{"start":{"line":27,"column":32},"end":{"line":116,"column":1}},"2":{"start":{"line":122,"column":29},"end":{"line":171,"column":5}},"3":{"start":{"line":176,"column":34},"end":{"line":201,"column":9}},"4":{"start":{"line":206,"column":42},"end":{"line":232,"column":13}},"5":{"start":{"line":235,"column":30},"end":{"line":325,"column":9}}},"fnMap":{},"branchMap":{},"s":{"0":1,"1":1,"2":1,"3":1,"4":1,"5":1},"f":{},"b":{},"_coverageSchema":"1a1c01bbd47fc00a2c39e90264f33305004495a9","hash":"fa857c5e147706ecc37c5787caf264fb8c7f0e98"}
,"/home/akhipsm/Documents/testing-app/src/pages/BookDetailView/index.tsx": {"path":"/home/akhipsm/Documents/testing-app/src/pages/BookDetailView/index.tsx","statementMap":{"0":{"start":{"line":10,"column":14},"end":{"line":31,"column":1}},"1":{"start":{"line":11,"column":19},"end":{"line":11,"column":30}},"2":{"start":{"line":12,"column":12},"end":{"line":12,"column":14}},"3":{"start":{"line":13,"column":4},"end":{"line":16,"column":5}},"4":{"start":{"line":15,"column":8},"end":{"line":15,"column":22}},"5":{"start":{"line":17,"column":14},"end":{"line":17,"column":62}},"6":{"start":{"line":17,"column":43},"end":{"line":17,"column":61}},"7":{"start":{"line":19,"column":4},"end":{"line":30,"column":5}}},"fnMap":{"0":{"name":"(anonymous_0)","decl":{"start":{"line":10,"column":14},"end":{"line":10,"column":15}},"loc":{"start":{"line":10,"column":29},"end":{"line":31,"column":1}},"line":10},"1":{"name":"(anonymous_1)","decl":{"start":{"line":17,"column":35},"end":{"line":17,"column":36}},"loc":{"start":{"line":17,"column":43},"end":{"line":17,"column":61}},"line":17}},"branchMap":{"0":{"loc":{"start":{"line":13,"column":4},"end":{"line":16,"column":5}},"type":"if","locations":[{"start":{"line":13,"column":4},"end":{"line":16,"column":5}},{"start":{},"end":{}}],"line":13},"1":{"loc":{"start":{"line":25,"column":55},"end":{"line":25,"column":71}},"type":"cond-expr","locations":[{"start":{"line":25,"column":57},"end":{"line":25,"column":68}},{"start":{"line":25,"column":69},"end":{"line":25,"column":71}}],"line":25},"2":{"loc":{"start":{"line":25,"column":85},"end":{"line":25,"column":102}},"type":"cond-expr","locations":[{"start":{"line":25,"column":87},"end":{"line":25,"column":99}},{"start":{"line":25,"column":100},"end":{"line":25,"column":102}}],"line":25},"3":{"loc":{"start":{"line":25,"column":115},"end":{"line":25,"column":131}},"type":"cond-expr","locations":[{"start":{"line":25,"column":117},"end":{"line":25,"column":128}},{"start":{"line":25,"column":129},"end":{"line":25,"column":131}}],"line":25},"4":{"loc":{"start":{"line":25,"column":143},"end":{"line":25,"column":158}},"type":"cond-expr","locations":[{"start":{"line":25,"column":145},"end":{"line":25,"column":155}},{"start":{"line":25,"column":156},"end":{"line":25,"column":158}}],"line":25}},"s":{"0":1,"1":0,"2":0,"3":0,"4":0,"5":0,"6":0,"7":0},"f":{"0":0,"1":0},"b":{"0":[0,0],"1":[0,0],"2":[0,0],"3":[0,0],"4":[0,0]},"_coverageSchema":"1a1c01bbd47fc00a2c39e90264f33305004495a9","hash":"fa4aadf1b84ab7fb46673ed26566a241c6488efa"}
,"/home/akhipsm/Documents/testing-app/src/pages/EntrepreneurPage/index.tsx": {"path":"/home/akhipsm/Documents/testing-app/src/pages/EntrepreneurPage/index.tsx","statementMap":{"0":{"start":{"line":11,"column":14},"end":{"line":36,"column":1}},"1":{"start":{"line":14,"column":4},"end":{"line":35,"column":5}}},"fnMap":{"0":{"name":"(anonymous_0)","decl":{"start":{"line":11,"column":14},"end":{"line":11,"column":15}},"loc":{"start":{"line":11,"column":20},"end":{"line":36,"column":1}},"line":11}},"branchMap":{},"s":{"0":1,"1":0},"f":{"0":0},"b":{},"_coverageSchema":"1a1c01bbd47fc00a2c39e90264f33305004495a9","hash":"c3493730a5f42ce6ecc051605aa027028cbfa642"}
,"/home/akhipsm/Documents/testing-app/src/pages/FinishedReading/index.tsx": {"path":"/home/akhipsm/Documents/testing-app/src/pages/FinishedReading/index.tsx","statementMap":{"0":{"start":{"line":4,"column":14},"end":{"line":13,"column":1}},"1":{"start":{"line":5,"column":4},"end":{"line":5,"column":46}},"2":{"start":{"line":6,"column":4},"end":{"line":12,"column":5}}},"fnMap":{"0":{"name":"(anonymous_0)","decl":{"start":{"line":4,"column":14},"end":{"line":4,"column":15}},"loc":{"start":{"line":4,"column":20},"end":{"line":13,"column":1}},"line":4}},"branchMap":{},"s":{"0":1,"1":0,"2":0},"f":{"0":0},"b":{},"_coverageSchema":"1a1c01bbd47fc00a2c39e90264f33305004495a9","hash":"56c7fe505267a534efa9cb54f753c3064410aa11"}
,"/home/akhipsm/Documents/testing-app/src/pages/HomePage/index.tsx": {"path":"/home/akhipsm/Documents/testing-app/src/pages/HomePage/index.tsx","statementMap":{"0":{"start":{"line":9,"column":14},"end":{"line":20,"column":1}},"1":{"start":{"line":11,"column":4},"end":{"line":19,"column":5}}},"fnMap":{"0":{"name":"(anonymous_0)","decl":{"start":{"line":9,"column":14},"end":{"line":9,"column":15}},"loc":{"start":{"line":9,"column":20},"end":{"line":20,"column":1}},"line":9}},"branchMap":{},"s":{"0":1,"1":3},"f":{"0":3},"b":{},"_coverageSchema":"1a1c01bbd47fc00a2c39e90264f33305004495a9","hash":"6a6fdd3c6c7d1f23150ae3485cb3594d80d239eb"}
,"/home/akhipsm/Documents/testing-app/src/themes/theme.ts": {"path":"/home/akhipsm/Documents/testing-app/src/themes/theme.ts","statementMap":{"0":{"start":{"line":4,"column":22},"end":{"line":38,"column":2}}},"fnMap":{},"branchMap":{},"s":{"0":1},"f":{},"b":{},"_coverageSchema":"1a1c01bbd47fc00a2c39e90264f33305004495a9","hash":"d9ddd82b1ffeb7cc6e4b79a71f915370273a38c8"}
}
